




File verbosity level: 9
date       time         ( uptime  ) [ thread name/id ]                   file:line     v| 
2021-10-16 18:35:05.758 (   0.076s) [         7AE24A8]             loguru.cpp:827   INFO| Logging to 'core.log', mode: 'a', verbosity: 9
2021-10-16 18:35:05.767 (   0.083s) [         7AE24A8]             engine.cpp:68    INFO| App init --- Start of app
2021-10-16 18:35:05.771 (   0.087s) [         7AE24A8]             engine.cpp:70    INFO| Create Window
2021-10-16 18:35:06.064 (   0.380s) [         7AE24A8]             engine.cpp:101   INFO| Created application window 
2021-10-16 18:35:06.070 (   0.386s) [         7AE24A8]             engine.cpp:130   INFO| Engine run main loop





File verbosity level: 9
date       time         ( uptime  ) [ thread name/id ]                   file:line     v| 
2021-10-16 18:36:22.104 (   0.131s) [        E0C506EC]             loguru.cpp:827   INFO| Logging to 'core.log', mode: 'a', verbosity: 9
2021-10-16 18:36:22.114 (   0.139s) [        E0C506EC]             engine.cpp:68    INFO| App init --- Start of app
2021-10-16 18:36:22.117 (   0.142s) [        E0C506EC]             engine.cpp:70    INFO| Create Window
2021-10-16 18:36:22.321 (   0.346s) [        E0C506EC]             engine.cpp:101   INFO| Created application window 
2021-10-16 18:36:22.327 (   0.352s) [        E0C506EC]             engine.cpp:130   INFO| Engine run main loop





File verbosity level: 9
date       time         ( uptime  ) [ thread name/id ]                   file:line     v| 
2021-10-16 19:46:10.675 (   0.062s) [        45B85220]             loguru.cpp:827   INFO| Logging to 'core.log', mode: 'a', verbosity: 9
2021-10-16 19:46:10.682 (   0.068s) [        45B85220]             engine.cpp:68    INFO| App init --- Start of app
2021-10-16 19:46:10.685 (   0.072s) [        45B85220]             engine.cpp:70    INFO| Create Window
2021-10-16 19:46:10.913 (   0.299s) [        45B85220]             engine.cpp:101   INFO| Created application window 
2021-10-16 19:46:10.920 (   0.306s) [        45B85220]             engine.cpp:130   INFO| Engine run main loop





File verbosity level: 9
date       time         ( uptime  ) [ thread name/id ]                   file:line     v| 
2021-10-16 19:47:41.072 (   0.055s) [        DA4322B3]             loguru.cpp:827   INFO| Logging to 'core.log', mode: 'a', verbosity: 9
2021-10-16 19:47:41.078 (   0.061s) [        DA4322B3]             engine.cpp:68    INFO| App init --- Start of app
2021-10-16 19:47:41.082 (   0.064s) [        DA4322B3]             engine.cpp:70    INFO| Create Window
2021-10-16 19:47:41.285 (   0.267s) [        DA4322B3]             engine.cpp:101   INFO| Created application window 
2021-10-16 19:47:41.294 (   0.276s) [        DA4322B3]             engine.cpp:130   INFO| Engine run main loop





File verbosity level: 9
date       time         ( uptime  ) [ thread name/id ]                   file:line     v| 
2021-10-16 20:48:11.134 (   0.061s) [        4DEE69E8]             loguru.cpp:827   INFO| Logging to 'core.log', mode: 'a', verbosity: 9
2021-10-16 20:48:11.156 (   0.081s) [        4DEE69E8]             engine.cpp:70    INFO| App init --- Start of app
2021-10-16 20:48:11.161 (   0.086s) [        4DEE69E8]             engine.cpp:72    INFO| Create Window
2021-10-16 20:48:11.451 (   0.376s) [        4DEE69E8]             engine.cpp:103   INFO| Created application window 
2021-10-16 20:48:11.510 (   0.435s) [        4DEE69E8]             engine.cpp:134   INFO| Engine run main loop





File verbosity level: 9
date       time         ( uptime  ) [ thread name/id ]                   file:line     v| 
2021-10-16 20:50:02.613 (   0.090s) [        769A7596]             loguru.cpp:827   INFO| Logging to 'core.log', mode: 'a', verbosity: 9
2021-10-16 20:50:02.619 (   0.095s) [        769A7596]             engine.cpp:70    INFO| App init --- Start of app
2021-10-16 20:50:02.623 (   0.099s) [        769A7596]             engine.cpp:72    INFO| Create Window
2021-10-16 20:50:02.889 (   0.366s) [        769A7596]             engine.cpp:103   INFO| Created application window 
2021-10-16 20:50:02.939 (   0.415s) [        769A7596]             engine.cpp:134   INFO| Engine run main loop





File verbosity level: 9
date       time         ( uptime  ) [ thread name/id ]                   file:line     v| 
2021-10-16 20:52:38.771 (   0.087s) [        61899DC0]             loguru.cpp:827   INFO| Logging to 'core.log', mode: 'a', verbosity: 9
2021-10-16 20:52:38.779 (   0.095s) [        61899DC0]             engine.cpp:71    INFO| App init --- Start of app
2021-10-16 20:52:38.785 (   0.100s) [        61899DC0]             engine.cpp:73    INFO| Create Window
2021-10-16 20:52:39.096 (   0.411s) [        61899DC0]             engine.cpp:104   INFO| Created application window 
2021-10-16 20:52:39.211 (   0.526s) [        61899DC0]             engine.cpp:135   INFO| Engine run main loop





File verbosity level: 9
date       time         ( uptime  ) [ thread name/id ]                   file:line     v| 
2021-10-16 20:53:47.344 (   0.061s) [        7C5DF2B1]             loguru.cpp:827   INFO| Logging to 'core.log', mode: 'a', verbosity: 9
2021-10-16 20:53:47.351 (   0.068s) [        7C5DF2B1]             engine.cpp:71    INFO| App init --- Start of app
2021-10-16 20:53:47.357 (   0.074s) [        7C5DF2B1]             engine.cpp:73    INFO| Create Window
2021-10-16 20:53:47.569 (   0.286s) [        7C5DF2B1]             engine.cpp:104   INFO| Created application window 
2021-10-16 20:53:47.581 (   0.298s) [        7C5DF2B1]             engine.cpp:135   INFO| Engine run main loop





File verbosity level: 9
date       time         ( uptime  ) [ thread name/id ]                   file:line     v| 
2021-10-16 20:54:18.791 (   0.249s) [         F10B40C]             loguru.cpp:827   INFO| Logging to 'core.log', mode: 'a', verbosity: 9
2021-10-16 20:54:18.810 (   0.266s) [         F10B40C]             engine.cpp:71    INFO| App init --- Start of app
2021-10-16 20:54:18.813 (   0.269s) [         F10B40C]             engine.cpp:73    INFO| Create Window
2021-10-16 20:54:31.746 (  13.202s) [         F10B40C]             engine.cpp:104   INFO| Created application window 
2021-10-16 20:54:44.769 (  26.225s) [         F10B40C]             engine.cpp:135   INFO| Engine run main loop





File verbosity level: 9
date       time         ( uptime  ) [ thread name/id ]                   file:line     v| 
2021-10-16 20:56:40.649 (   0.068s) [        AF5975CE]             loguru.cpp:827   INFO| Logging to 'core.log', mode: 'a', verbosity: 9
2021-10-16 20:56:40.654 (   0.073s) [        AF5975CE]             engine.cpp:71    INFO| App init --- Start of app
2021-10-16 20:56:40.660 (   0.078s) [        AF5975CE]             engine.cpp:73    INFO| Create Window
2021-10-16 20:56:48.675 (   8.094s) [        AF5975CE]             engine.cpp:104   INFO| Created application window 
2021-10-16 20:56:48.690 (   8.109s) [        AF5975CE]             engine.cpp:135   INFO| Engine run main loop





File verbosity level: 9
date       time         ( uptime  ) [ thread name/id ]                   file:line     v| 
2021-10-16 20:57:04.601 (   0.061s) [        7C15D578]             loguru.cpp:827   INFO| Logging to 'core.log', mode: 'a', verbosity: 9
2021-10-16 20:57:04.607 (   0.067s) [        7C15D578]             engine.cpp:71    INFO| App init --- Start of app
2021-10-16 20:57:04.612 (   0.072s) [        7C15D578]             engine.cpp:73    INFO| Create Window
2021-10-16 20:57:04.824 (   0.284s) [        7C15D578]             engine.cpp:104   INFO| Created application window 
2021-10-16 20:57:04.831 (   0.291s) [        7C15D578]             engine.cpp:135   INFO| Engine run main loop





File verbosity level: 9
date       time         ( uptime  ) [ thread name/id ]                   file:line     v| 
2021-10-16 21:03:23.244 (   0.089s) [        EAE9128D]             loguru.cpp:827   INFO| Logging to 'core.log', mode: 'a', verbosity: 9
2021-10-16 21:03:23.256 (   0.099s) [        EAE9128D]             engine.cpp:71    INFO| App init --- Start of app
2021-10-16 21:03:23.261 (   0.104s) [        EAE9128D]             engine.cpp:73    INFO| Create Window
2021-10-16 21:03:23.533 (   0.376s) [        EAE9128D]             engine.cpp:104   INFO| Created application window 
2021-10-16 21:03:23.581 (   0.424s) [        EAE9128D]             engine.cpp:135   INFO| Engine run main loop





File verbosity level: 9
date       time         ( uptime  ) [ thread name/id ]                   file:line     v| 
2021-10-16 21:35:08.052 (   0.066s) [        CA784B62]             loguru.cpp:827   INFO| Logging to 'core.log', mode: 'a', verbosity: 9
2021-10-16 21:35:08.057 (   0.071s) [        CA784B62]             engine.cpp:71    INFO| App init --- Start of app
2021-10-16 21:35:08.061 (   0.076s) [        CA784B62]             engine.cpp:73    INFO| Create Window
2021-10-16 21:35:08.331 (   0.345s) [        CA784B62]             engine.cpp:104   INFO| Created application window 
2021-10-16 21:35:08.427 (   0.441s) [        CA784B62]             engine.cpp:135   INFO| Engine run main loop





File verbosity level: 9
date       time         ( uptime  ) [ thread name/id ]                   file:line     v| 
2021-10-16 21:37:23.038 (   0.138s) [        1AEDBA10]             loguru.cpp:827   INFO| Logging to 'core.log', mode: 'a', verbosity: 9
2021-10-16 21:37:23.045 (   0.144s) [        1AEDBA10]             engine.cpp:71    INFO| App init --- Start of app
2021-10-16 21:37:23.050 (   0.150s) [        1AEDBA10]             engine.cpp:73    INFO| Create Window
2021-10-16 21:37:23.373 (   0.473s) [        1AEDBA10]             engine.cpp:104   INFO| Created application window 
2021-10-16 21:37:23.447 (   0.547s) [        1AEDBA10]             engine.cpp:135   INFO| Engine run main loop





File verbosity level: 9
date       time         ( uptime  ) [ thread name/id ]                   file:line     v| 
2021-10-16 21:37:39.433 (   0.131s) [        A29E8DF0]             loguru.cpp:827   INFO| Logging to 'core.log', mode: 'a', verbosity: 9
2021-10-16 21:37:39.441 (   0.138s) [        A29E8DF0]             engine.cpp:71    INFO| App init --- Start of app
2021-10-16 21:37:39.446 (   0.143s) [        A29E8DF0]             engine.cpp:73    INFO| Create Window
2021-10-16 21:37:39.662 (   0.359s) [        A29E8DF0]             engine.cpp:104   INFO| Created application window 
2021-10-16 21:37:39.672 (   0.369s) [        A29E8DF0]             engine.cpp:135   INFO| Engine run main loop
